C51 COMPILER V9.60.0.0   MAIN                                                              10/25/2022 08:38:10 PAGE 1   


C51 COMPILER V9.60.0.0, COMPILATION OF MODULE MAIN
OBJECT MODULE PLACED IN .\Objects\main.obj
COMPILER INVOKED BY: C:\Keil_v5\C51\BIN\C51.EXE User\main.c OPTIMIZE(8,SPEED) BROWSE INCDIR(.\User;.\Bsp\LCD1602;.\Publi
                    -c) DEBUG OBJECTEXTEND PRINT(.\Listings\main.lst) TABS(2) OBJECT(.\Objects\main.obj)

line level    source

   1          /*
   2           * @Author: king jing
   3           * @Date: 2022-10-24 12:11:12
   4           * @LastEditTime: 2022-10-24 16:52:50
   5           * @Description: Do not edit
   6           */
   7          
   8          #include "lcd1602.h"
   9          #include "Public.h"
  10          void main()
  11          {
  12   1      
  13   1        LCD_init();
  14   1      
  15   1        LCD_ShowChar(1, 1, 'B');
  16   1        LCD_ShowString(1, 3, "Welcom to guangdong!");
  17   1        LCD_ShowNum(2, 1, 234, 3);
  18   1        LCD_ShowSignedNums(2, 5, 84, 2);
  19   1        // LCD_ShowHexNum(2, 9, 0xF1, 2);
  20   1        LCD_ShowBinNum(2, 9, 0xA5, 8);
  21   1      
  22   1        while (1)
  23   1        {
  24   2          /* code */
  25   2          LCD_WriteCommand(0x18);
  26   2          Delayx1m(1000);
  27   2        }
  28   1      }


MODULE INFORMATION:   STATIC OVERLAYABLE
   CODE SIZE        =     81    ----
   CONSTANT SIZE    =     21    ----
   XDATA SIZE       =   ----    ----
   PDATA SIZE       =   ----    ----
   DATA SIZE        =   ----    ----
   IDATA SIZE       =   ----    ----
   BIT SIZE         =   ----    ----
END OF MODULE INFORMATION.


C51 COMPILATION COMPLETE.  0 WARNING(S),  0 ERROR(S)
