C51 COMPILER V9.60.0.0   PUBLIC                                                            10/25/2022 08:38:10 PAGE 1   


C51 COMPILER V9.60.0.0, COMPILATION OF MODULE PUBLIC
OBJECT MODULE PLACED IN .\Objects\Public.obj
COMPILER INVOKED BY: C:\Keil_v5\C51\BIN\C51.EXE Public\Public.c OPTIMIZE(8,SPEED) BROWSE INCDIR(.\User;.\Bsp\LCD1602;.\P
                    -ublic) DEBUG OBJECTEXTEND PRINT(.\Listings\Public.lst) TABS(2) OBJECT(.\Objects\Public.obj)

line level    source

   1          /*
   2           * @Author: king jing
   3           * @Date: 2022-10-24 14:29:39
   4           * @LastEditTime: 2022-10-24 15:40:46
   5           * @Description: Do not edit
   6           */
   7          
   8          #include "intrins.h"
   9          #include "Public.h"
  10          
  11          void Delay1ms() //@11.0592MHz
  12          {
  13   1        unsigned char i, j;
  14   1      
  15   1        _nop_();
  16   1        i = 2;
  17   1        j = 199;
  18   1        do
  19   1        {
  20   2          while (--j)
  21   2            ;
  22   2        } while (--i);
  23   1      }
  24          
  25          void Delayx1m(unsigned int xms) //@11.0592MHz
  26          {
  27   1        unsigned char i, j;
  28   1        while (xms--)
  29   1        {
  30   2          i = 2;
  31   2          j = 199;
  32   2          do
  33   2          {
  34   3            while (--j)
  35   3              ;
  36   3          } while (--i);
  37   2        }
  38   1      }
  39          
  40          u16 math_power(u8 base, u8 expo)
  41          {
  42   1        u8 result = 1;
  43   1        u8 i;
  44   1        for (i = 0; i < expo; i++)
  45   1        {
  46   2          result *= base;
  47   2        }
  48   1        return result;
  49   1      }


MODULE INFORMATION:   STATIC OVERLAYABLE
   CODE SIZE        =     53    ----
   CONSTANT SIZE    =   ----    ----
C51 COMPILER V9.60.0.0   PUBLIC                                                            10/25/2022 08:38:10 PAGE 2   

   XDATA SIZE       =   ----    ----
   PDATA SIZE       =   ----    ----
   DATA SIZE        =   ----    ----
   IDATA SIZE       =   ----    ----
   BIT SIZE         =   ----    ----
END OF MODULE INFORMATION.


C51 COMPILATION COMPLETE.  0 WARNING(S),  0 ERROR(S)
